{"/Users/Animag79/codefellows/401/lab-02/validator/validator-class.js": {"path":"/Users/Animag79/codefellows/401/lab-02/validator/validator-class.js","statementMap":{"0":{"start":{"line":5,"column":4},"end":{"line":5,"column":25}},"1":{"start":{"line":9,"column":4},"end":{"line":9,"column":16}},"2":{"start":{"line":14,"column":4},"end":{"line":14,"column":37}},"3":{"start":{"line":18,"column":4},"end":{"line":18,"column":66}},"4":{"start":{"line":22,"column":4},"end":{"line":22,"column":103}},"5":{"start":{"line":22,"column":68},"end":{"line":22,"column":92}},"6":{"start":{"line":26,"column":4},"end":{"line":26,"column":38}},"7":{"start":{"line":30,"column":4},"end":{"line":30,"column":37}},"8":{"start":{"line":34,"column":4},"end":{"line":34,"column":39}},"9":{"start":{"line":38,"column":4},"end":{"line":38,"column":19}},"10":{"start":{"line":42,"column":4},"end":{"line":49,"column":5}},"11":{"start":{"line":43,"column":19},"end":{"line":43,"column":47}},"12":{"start":{"line":44,"column":19},"end":{"line":44,"column":47}},"13":{"start":{"line":45,"column":18},"end":{"line":45,"column":62}},"14":{"start":{"line":46,"column":19},"end":{"line":46,"column":47}},"15":{"start":{"line":47,"column":20},"end":{"line":47,"column":49}},"16":{"start":{"line":48,"column":13},"end":{"line":48,"column":26}},"17":{"start":{"line":54,"column":16},"end":{"line":54,"column":20}},"18":{"start":{"line":56,"column":4},"end":{"line":75,"column":5}},"19":{"start":{"line":58,"column":18},"end":{"line":58,"column":42}},"20":{"start":{"line":61,"column":21},"end":{"line":63,"column":14}},"21":{"start":{"line":66,"column":17},"end":{"line":68,"column":14}},"22":{"start":{"line":71,"column":6},"end":{"line":73,"column":7}},"23":{"start":{"line":72,"column":8},"end":{"line":72,"column":22}},"24":{"start":{"line":77,"column":4},"end":{"line":77,"column":17}},"25":{"start":{"line":82,"column":18},"end":{"line":82,"column":33}},"26":{"start":{"line":88,"column":0},"end":{"line":88,"column":29}}},"fnMap":{"0":{"name":"(anonymous_0)","decl":{"start":{"line":4,"column":2},"end":{"line":4,"column":3}},"loc":{"start":{"line":4,"column":21},"end":{"line":6,"column":3}},"line":4},"1":{"name":"(anonymous_1)","decl":{"start":{"line":8,"column":2},"end":{"line":8,"column":3}},"loc":{"start":{"line":8,"column":25},"end":{"line":10,"column":3}},"line":8},"2":{"name":"(anonymous_2)","decl":{"start":{"line":13,"column":2},"end":{"line":13,"column":3}},"loc":{"start":{"line":13,"column":19},"end":{"line":15,"column":3}},"line":13},"3":{"name":"(anonymous_3)","decl":{"start":{"line":17,"column":2},"end":{"line":17,"column":3}},"loc":{"start":{"line":17,"column":19},"end":{"line":19,"column":3}},"line":17},"4":{"name":"(anonymous_4)","decl":{"start":{"line":21,"column":2},"end":{"line":21,"column":3}},"loc":{"start":{"line":21,"column":29},"end":{"line":23,"column":3}},"line":21},"5":{"name":"(anonymous_5)","decl":{"start":{"line":22,"column":61},"end":{"line":22,"column":62}},"loc":{"start":{"line":22,"column":68},"end":{"line":22,"column":92}},"line":22},"6":{"name":"(anonymous_6)","decl":{"start":{"line":25,"column":2},"end":{"line":25,"column":3}},"loc":{"start":{"line":25,"column":20},"end":{"line":27,"column":3}},"line":25},"7":{"name":"(anonymous_7)","decl":{"start":{"line":29,"column":2},"end":{"line":29,"column":3}},"loc":{"start":{"line":29,"column":19},"end":{"line":31,"column":3}},"line":29},"8":{"name":"(anonymous_8)","decl":{"start":{"line":33,"column":2},"end":{"line":33,"column":3}},"loc":{"start":{"line":33,"column":21},"end":{"line":35,"column":3}},"line":33},"9":{"name":"(anonymous_9)","decl":{"start":{"line":37,"column":2},"end":{"line":37,"column":3}},"loc":{"start":{"line":37,"column":19},"end":{"line":39,"column":3}},"line":37},"10":{"name":"(anonymous_10)","decl":{"start":{"line":41,"column":2},"end":{"line":41,"column":3}},"loc":{"start":{"line":41,"column":31},"end":{"line":50,"column":3}},"line":41},"11":{"name":"(anonymous_11)","decl":{"start":{"line":52,"column":2},"end":{"line":52,"column":3}},"loc":{"start":{"line":52,"column":24},"end":{"line":78,"column":3}},"line":52}},"branchMap":{"0":{"loc":{"start":{"line":18,"column":11},"end":{"line":18,"column":65}},"type":"binary-expr","locations":[{"start":{"line":18,"column":11},"end":{"line":18,"column":36}},{"start":{"line":18,"column":40},"end":{"line":18,"column":65}}],"line":18},"1":{"loc":{"start":{"line":22,"column":11},"end":{"line":22,"column":102}},"type":"binary-expr","locations":[{"start":{"line":22,"column":11},"end":{"line":22,"column":31}},{"start":{"line":22,"column":36},"end":{"line":22,"column":101}}],"line":22},"2":{"loc":{"start":{"line":22,"column":36},"end":{"line":22,"column":101}},"type":"cond-expr","locations":[{"start":{"line":22,"column":48},"end":{"line":22,"column":94}},{"start":{"line":22,"column":97},"end":{"line":22,"column":101}}],"line":22},"3":{"loc":{"start":{"line":42,"column":4},"end":{"line":49,"column":5}},"type":"switch","locations":[{"start":{"line":43,"column":4},"end":{"line":43,"column":47}},{"start":{"line":44,"column":4},"end":{"line":44,"column":47}},{"start":{"line":45,"column":4},"end":{"line":45,"column":62}},{"start":{"line":46,"column":4},"end":{"line":46,"column":47}},{"start":{"line":47,"column":4},"end":{"line":47,"column":49}},{"start":{"line":48,"column":4},"end":{"line":48,"column":26}}],"line":42},"4":{"loc":{"start":{"line":61,"column":21},"end":{"line":63,"column":14}},"type":"cond-expr","locations":[{"start":{"line":62,"column":10},"end":{"line":62,"column":40}},{"start":{"line":63,"column":10},"end":{"line":63,"column":14}}],"line":61},"5":{"loc":{"start":{"line":66,"column":17},"end":{"line":68,"column":14}},"type":"cond-expr","locations":[{"start":{"line":67,"column":10},"end":{"line":67,"column":52}},{"start":{"line":68,"column":10},"end":{"line":68,"column":14}}],"line":66},"6":{"loc":{"start":{"line":71,"column":6},"end":{"line":73,"column":7}},"type":"if","locations":[{"start":{"line":71,"column":6},"end":{"line":73,"column":7}},{"start":{"line":71,"column":6},"end":{"line":73,"column":7}}],"line":71},"7":{"loc":{"start":{"line":71,"column":12},"end":{"line":71,"column":28}},"type":"binary-expr","locations":[{"start":{"line":71,"column":12},"end":{"line":71,"column":20}},{"start":{"line":71,"column":24},"end":{"line":71,"column":28}}],"line":71}},"s":{"0":1,"1":0,"2":12,"3":6,"4":19,"5":10,"6":6,"7":9,"8":6,"9":6,"10":12,"11":6,"12":3,"13":3,"14":0,"15":0,"16":0,"17":3,"18":3,"19":12,"20":12,"21":12,"22":12,"23":8,"24":3,"25":1,"26":1},"f":{"0":1,"1":0,"2":12,"3":6,"4":19,"5":10,"6":6,"7":9,"8":6,"9":6,"10":12,"11":3},"b":{"0":[6,2],"1":[19,7],"2":[5,2],"3":[6,3,3,0,0,0],"4":[6,6],"5":[12,0],"6":[8,4],"7":[12,10]},"_coverageSchema":"43e27e138ebf9cfc5966b082cf9a028302ed4184","hash":"97ffab2139d7d7223e3273dfdbefba0f4aae78b7"}
}
