TN:
SF:/Users/Animag79/codefellows/401/lab-02/validator/validator-class.js
FN:4,(anonymous_0)
FN:8,(anonymous_1)
FN:13,(anonymous_2)
FN:17,(anonymous_3)
FN:21,(anonymous_4)
FN:22,(anonymous_5)
FN:25,(anonymous_6)
FN:29,(anonymous_7)
FN:33,(anonymous_8)
FN:37,(anonymous_9)
FN:41,(anonymous_10)
FN:52,(anonymous_11)
FNF:12
FNH:11
FNDA:1,(anonymous_0)
FNDA:0,(anonymous_1)
FNDA:12,(anonymous_2)
FNDA:6,(anonymous_3)
FNDA:19,(anonymous_4)
FNDA:10,(anonymous_5)
FNDA:6,(anonymous_6)
FNDA:9,(anonymous_7)
FNDA:6,(anonymous_8)
FNDA:6,(anonymous_9)
FNDA:12,(anonymous_10)
FNDA:3,(anonymous_11)
DA:5,1
DA:9,0
DA:14,12
DA:18,6
DA:22,19
DA:26,6
DA:30,9
DA:34,6
DA:38,6
DA:42,12
DA:43,6
DA:44,3
DA:45,3
DA:46,0
DA:47,0
DA:48,0
DA:54,3
DA:56,3
DA:58,12
DA:61,12
DA:66,12
DA:71,12
DA:72,8
DA:77,3
DA:82,1
DA:88,1
LF:26
LH:22
BRDA:18,0,0,6
BRDA:18,0,1,2
BRDA:22,1,0,19
BRDA:22,1,1,7
BRDA:22,2,0,5
BRDA:22,2,1,2
BRDA:42,3,0,6
BRDA:42,3,1,3
BRDA:42,3,2,3
BRDA:42,3,3,0
BRDA:42,3,4,0
BRDA:42,3,5,0
BRDA:61,4,0,6
BRDA:61,4,1,6
BRDA:66,5,0,12
BRDA:66,5,1,0
BRDA:71,6,0,8
BRDA:71,6,1,4
BRDA:71,7,0,12
BRDA:71,7,1,10
BRF:20
BRH:16
end_of_record
